  Terrain::Generate: fbm... res=128 oct=5 freq=2.000
  Terrain::Generate: fbm done h=16384
  SetHeightmap: begin sameTopology=0 oldRes=128 newRes=128
  SetHeightmap: meshData vv=131072 ii=96774
  SetHeightmap: mesh emplace done
  SetHeightmap: RebuildAlbedo done
  Terrain::Generate: SetHeightmap returned
  Terrain::Generate: fbm... res=136 oct=5 freq=2.000
  Terrain::Generate: fbm done h=18496
  SetHeightmap: begin sameTopology=0 oldRes=128 newRes=136
  SetHeightmap: meshData vv=147968 ii=109350
  SetHeightmap: mesh emplace done
  Terrain::Generate: fbm... res=128 oct=5 freq=2.000
  Terrain::Generate: fbm done h=16384
  SetHeightmap: begin sameTopology=0 oldRes=128 newRes=128
  SetHeightmap: meshData vv=131072 ii=96774
  SetHeightmap: mesh emplace done
  SetHeightmap: RebuildAlbedo done
  Terrain::Generate: SetHeightmap returned
  Terrain::Generate: fbm... res=128 oct=5 freq=2.000
  Terrain::Generate: fbm done h=16384
  SetHeightmap: begin sameTopology=1 oldRes=128 newRes=128
  SetHeightmap: meshData vv=131072 ii=96774
  SetHeightmap: UpdateVertices done
  SetHeightmap: RebuildAlbedo done
  Terrain::Generate: SetHeightmap returned
  Terrain::Generate: fbm... res=128 oct=5 freq=2.000
  Terrain::Generate: fbm done h=16384
  SetHeightmap: begin sameTopology=1 oldRes=128 newRes=128
  SetHeightmap: meshData vv=131072 ii=96774
  SetHeightmap: UpdateVertices done
  SetHeightmap: RebuildAlbedo done
  Terrain::Generate: SetHeightmap returned
  Terrain::Generate: fbm... res=128 oct=5 freq=2.000
  Terrain::Generate: fbm done h=16384
  SetHeightmap: begin sameTopology=1 oldRes=128 newRes=128
  SetHeightmap: meshData vv=131072 ii=96774
  SetHeightmap: UpdateVertices done
  Terrain::Generate: fbm... res=128 oct=5 freq=2.000
  Terrain::Generate: fbm done h=16384
  SetHeightmap: begin sameTopology=0 oldRes=128 newRes=128
  SetHeightmap: meshData vv=131072 ii=96774
  SetHeightmap: mesh emplace done
  Terrain::Generate: fbm... res=128 oct=5 freq=2.000
  Terrain::Generate: fbm done h=16384
  SetHeightmap: begin sameTopology=0 oldRes=128 newRes=128
  SetHeightmap: meshData vv=131072 ii=96774
  SetHeightmap: mesh emplace done
  SetHeightmap: RebuildAlbedo done
  Terrain::Generate: SetHeightmap returned
  Terrain::Generate: fbm... res=128 oct=6 freq=2.000
  Terrain::Generate: fbm done h=16384
  SetHeightmap: begin sameTopology=1 oldRes=128 newRes=128
  SetHeightmap: meshData vv=131072 ii=96774
  SetHeightmap: UpdateVertices done
